note: Building targets in dependency order
note: Target dependency graph (1 target)
[da-band] Write Auxiliary File da-band.LinkFileList
[da-band] Write Auxiliary File da-band.SwiftFileList
[da-band] Write Auxiliary File da-band.SwiftConstValuesFileList
[da-band] Write Auxiliary File da-band-OutputFileMap.json
[da-band] Compiling Model.swift
[da-band] Compiling Device.swift
[x] /Users/davay/Repos/Personal/da-band/ios/da-band/Models/Device.swift:19:5: return from initializer without initializing all stored properties
    }
    ^
[da-band] Compiling Gesture.swift
[da-band] Compiling Sample.swift
[da-band] Compiling Measurement.swift

-----------------------------
-- xcodebuild.nvim summary --
-----------------------------

Errors:
  ✖ /Users/davay/Repos/Personal/da-band/ios/da-band/Models/Device.swift:19:5
    return from initializer without initializing all stored properties
        }
        ^

  Build Failed

