note: Building targets in dependency order
note: Target dependency graph (1 target)
[da-band] Write Auxiliary File da-band.SwiftConstValuesFileList
[da-band] Write Auxiliary File da-band.SwiftFileList
[da-band] Write Auxiliary File da-band.LinkFileList
[da-band] Compiling da_bandApp.swift
[da-band] Compiling Model.swift
[da-band] Compiling GeneratedAssetSymbols.swift
[da-band] Compiling Sample.swift
[da-band] Compiling Card.swift
[x] /Users/davay/Repos/Personal/da-band/ios/da-band/Views/Components/Card.swift:1:22: cannot find type 'View' in scope
struct Card<Content: View>: View {
                     ^~~~
[x] /Users/davay/Repos/Personal/da-band/ios/da-band/Views/Components/Card.swift:4:11: unknown attribute 'ViewBuilder'
    init(@ViewBuilder content: () -> Content) {
          ^
[x] /Users/davay/Repos/Personal/da-band/ios/da-band/Views/Components/Card.swift:8:20: cannot find type 'View' in scope
    var body: some View {
                   ^~~~
[x] /Users/davay/Repos/Personal/da-band/ios/da-band/Views/Components/Card.swift:1:29: cannot find type 'View' in scope
struct Card<Content: View>: View {
                            ^~~~
[da-band] Compiling ContentView.swift
[da-band] Compiling Device.swift
[da-band] Compiling Measurement.swift
[da-band] Compiling Gesture.swift

-----------------------------
-- xcodebuild.nvim summary --
-----------------------------

Errors:
  ✖ /Users/davay/Repos/Personal/da-band/ios/da-band/Views/Components/Card.swift:1:22
    cannot find type 'View' in scope
    struct Card<Content: View>: View {
                         ^~~~
  ✖ /Users/davay/Repos/Personal/da-band/ios/da-band/Views/Components/Card.swift:4:11
    unknown attribute 'ViewBuilder'
        init(@ViewBuilder content: () -> Content) {
              ^
  ✖ /Users/davay/Repos/Personal/da-band/ios/da-band/Views/Components/Card.swift:8:20
    cannot find type 'View' in scope
        var body: some View {
                       ^~~~

  Build Failed

